<?xml version="1.0" encoding="UTF-8"?>
<!-- Generated by org.testng.reporters.JUnitReportReporter -->
<testsuite skipped="0" hostname="DESKTOP-5TNI4VL" name="amit.SeleniumProject.OpenGoogle" tests="1" failures="0" timestamp="06 Oct 2019 19:15:05 GMT" time="0.000" errors="0">
  <testcase name="googleOpener" time="0.000" classname="amit.SeleniumProject.OpenGoogle"/>
</testsuite> <!-- amit.SeleniumProject.OpenGoogle -->
